[debug] [2018-07-29T11:54:46.176Z] ----------------------------------------------------------------------
[debug] [2018-07-29T11:54:46.178Z] Command:       D:\Program Files\nodejs\node.exe C:\Users\ASUS\AppData\Roaming\npm\node_modules\firebase-tools\bin\firebase deploy
[debug] [2018-07-29T11:54:46.179Z] CLI Version:   4.0.0
[debug] [2018-07-29T11:54:46.179Z] Platform:      win32
[debug] [2018-07-29T11:54:46.179Z] Node Version:  v8.9.4
[debug] [2018-07-29T11:54:46.180Z] Time:          Sun Jul 29 2018 19:54:46 GMT+0800 (中国标准时间)
[debug] [2018-07-29T11:54:46.180Z] ----------------------------------------------------------------------
[debug] 
[debug] [2018-07-29T11:54:46.195Z] > command requires scopes: ["email","openid","https://www.googleapis.com/auth/cloudplatformprojects.readonly","https://www.googleapis.com/auth/firebase","https://www.googleapis.com/auth/cloud-platform"]
[debug] [2018-07-29T11:54:46.196Z] > authorizing via signed-in user
[debug] [2018-07-29T11:54:46.197Z] > refreshing access token with scopes: ["email","https://www.googleapis.com/auth/cloud-platform","https://www.googleapis.com/auth/cloudplatformprojects.readonly","https://www.googleapis.com/auth/firebase","openid"]
[debug] [2018-07-29T11:54:46.197Z] >>> HTTP REQUEST POST https://www.googleapis.com/oauth2/v3/token  
 { refresh_token: '1/jp3_6HHE0fcorI4ucmCDeDb28nBMumatbl8S1HLUXTo',
  client_id: '563584335869-fgrhgmd47bqnekij5i8b5pr03ho849e6.apps.googleusercontent.com',
  client_secret: 'j9iVZfS8kkCEFUPaAeJV0sAi',
  grant_type: 'refresh_token',
  scope: 'email https://www.googleapis.com/auth/cloud-platform https://www.googleapis.com/auth/cloudplatformprojects.readonly https://www.googleapis.com/auth/firebase openid' } 
 Sun Jul 29 2018 19:54:46 GMT+0800 (中国标准时间)
[debug] [2018-07-29T11:54:47.879Z] <<< HTTP RESPONSE 200
[debug] [2018-07-29T11:54:47.889Z] >>> HTTP REQUEST GET https://admin.firebase.com/v1/projects/gkeep-vuefire-2c90b  
  
 Sun Jul 29 2018 19:54:47 GMT+0800 (中国标准时间)
[debug] [2018-07-29T11:54:49.156Z] <<< HTTP RESPONSE 200
[debug] [2018-07-29T11:54:49.156Z] >>> HTTP REQUEST GET https://admin.firebase.com/v1/database/gkeep-vuefire-2c90b/tokens  
  
 Sun Jul 29 2018 19:54:49 GMT+0800 (中国标准时间)
[debug] [2018-07-29T11:54:50.385Z] <<< HTTP RESPONSE 200
